<?xml version="1.0" encoding="UTF-8"?>
<testng-results ignored="0" total="1" passed="1" failed="0" skipped="0">
  <reporter-output>
  </reporter-output>
  <suite started-at="2024-12-18T03:19:41 IST" name="Default suite" finished-at="2024-12-18T03:20:36 IST" duration-ms="55011">
    <groups>
    </groups>
    <test started-at="2024-12-18T03:19:41 IST" name="Default test" finished-at="2024-12-18T03:20:36 IST" duration-ms="55011">
      <class name="DataDrivenTest.DataDrivenExample">
        <test-method is-config="true" signature="init()[pri:0, instance:DataDrivenTest.DataDrivenExample@51399530]" started-at="2024-12-18T03:19:42 IST" name="init" finished-at="2024-12-18T03:19:58 IST" duration-ms="16705" status="PASS">
          <reporter-output>
          </reporter-output>
        </test-method> <!-- init -->
        <test-method signature="TestLogin()[pri:0, instance:DataDrivenTest.DataDrivenExample@51399530]" started-at="2024-12-18T03:19:58 IST" name="TestLogin" finished-at="2024-12-18T03:20:36 IST" duration-ms="38002" status="PASS">
          <reporter-output>
          </reporter-output>
        </test-method> <!-- TestLogin -->
        <test-method is-config="true" signature="TearDown()[pri:0, instance:DataDrivenTest.DataDrivenExample@51399530]" started-at="2024-12-18T03:20:36 IST" name="TearDown" finished-at="2024-12-18T03:20:36 IST" duration-ms="246" status="PASS">
          <reporter-output>
          </reporter-output>
        </test-method> <!-- TearDown -->
      </class> <!-- DataDrivenTest.DataDrivenExample -->
    </test> <!-- Default test -->
  </suite> <!-- Default suite -->
</testng-results>
