<?xml version="1.0" encoding="UTF-8"?>
<testng-results ignored="0" total="1" passed="1" failed="0" skipped="0">
  <reporter-output>
  </reporter-output>
  <suite started-at="2024-12-14T23:39:31 IST" name="Default suite" finished-at="2024-12-14T23:40:57 IST" duration-ms="85555">
    <groups>
    </groups>
    <test started-at="2024-12-14T23:39:31 IST" name="Default test" finished-at="2024-12-14T23:40:57 IST" duration-ms="85555">
      <class name="DataProviders.DataProviderTest">
        <test-method is-config="true" signature="init()[pri:0, instance:DataProviders.DataProviderTest@30c15d8b]" started-at="2024-12-14T23:39:31 IST" name="init" finished-at="2024-12-14T23:40:35 IST" duration-ms="63215" status="PASS">
          <reporter-output>
          </reporter-output>
        </test-method> <!-- init -->
        <test-method signature="TestLogin(java.lang.String,java.lang.String)[pri:0, instance:DataProviders.DataProviderTest@30c15d8b]" started-at="2024-12-14T23:40:35 IST" name="TestLogin" data-provider="dp" finished-at="2024-12-14T23:40:56 IST" duration-ms="21012" status="PASS">
          <params>
            <param index="0">
              <value>
                <![CDATA[Admin]]>
              </value>
            </param>
            <param index="1">
              <value>
                <![CDATA[admin123]]>
              </value>
            </param>
          </params>
          <reporter-output>
          </reporter-output>
        </test-method> <!-- TestLogin -->
        <test-method is-config="true" signature="TearDown()[pri:0, instance:DataProviders.DataProviderTest@30c15d8b]" started-at="2024-12-14T23:40:56 IST" name="TearDown" finished-at="2024-12-14T23:40:57 IST" duration-ms="1155" status="PASS">
          <reporter-output>
          </reporter-output>
        </test-method> <!-- TearDown -->
      </class> <!-- DataProviders.DataProviderTest -->
    </test> <!-- Default test -->
  </suite> <!-- Default suite -->
</testng-results>
